<?xml version="1.0" encoding="UTF-8"?>
<coverage generated="1618686467366" clover="3.2.0">
  <project timestamp="1618686467367" name="All files">
    <metrics statements="100" coveredstatements="100" conditionals="41" coveredconditionals="41" methods="16" coveredmethods="16" elements="157" coveredelements="157" complexity="0" loc="100" ncloc="100" packages="4" files="9" classes="9"/>
    <package name="error">
      <metrics statements="8" coveredstatements="8" conditionals="0" coveredconditionals="0" methods="0" coveredmethods="0"/>
      <file name="errorMessage.ts" path="/usr/src/api/src/error/errorMessage.ts">
        <metrics statements="8" coveredstatements="8" conditionals="0" coveredconditionals="0" methods="0" coveredmethods="0"/>
        <line num="1" count="2" type="stmt"/>
        <line num="2" count="2" type="stmt"/>
        <line num="3" count="2" type="stmt"/>
        <line num="4" count="2" type="stmt"/>
        <line num="5" count="2" type="stmt"/>
        <line num="6" count="2" type="stmt"/>
        <line num="7" count="2" type="stmt"/>
        <line num="8" count="2" type="stmt"/>
      </file>
    </package>
    <package name="user.userDB">
      <metrics statements="17" coveredstatements="17" conditionals="2" coveredconditionals="2" methods="4" coveredmethods="4"/>
      <file name="userDBInteraction.ts" path="/usr/src/api/src/user/userDB/userDBInteraction.ts">
        <metrics statements="13" coveredstatements="13" conditionals="2" coveredconditionals="2" methods="4" coveredmethods="4"/>
        <line num="1" count="2" type="stmt"/>
        <line num="2" count="2" type="stmt"/>
        <line num="3" count="2" type="stmt"/>
        <line num="5" count="17" type="stmt"/>
        <line num="6" count="17" type="stmt"/>
        <line num="7" count="17" type="stmt"/>
        <line num="10" count="17" type="stmt"/>
        <line num="12" count="2" type="stmt"/>
        <line num="17" count="13" type="stmt"/>
        <line num="20" count="13" type="stmt"/>
        <line num="27" count="12" type="stmt"/>
        <line num="29" count="1" type="stmt"/>
        <line num="33" count="2" type="stmt"/>
      </file>
      <file name="userModel.ts" path="/usr/src/api/src/user/userDB/userModel.ts">
        <metrics statements="4" coveredstatements="4" conditionals="0" coveredconditionals="0" methods="0" coveredmethods="0"/>
        <line num="1" count="2" type="stmt"/>
        <line num="14" count="2" type="stmt"/>
        <line num="21" count="2" type="stmt"/>
        <line num="23" count="2" type="stmt"/>
      </file>
    </package>
    <package name="user.userServices">
      <metrics statements="35" coveredstatements="35" conditionals="22" coveredconditionals="22" methods="4" coveredmethods="4"/>
      <file name="createUser.ts" path="/usr/src/api/src/user/userServices/createUser.ts">
        <metrics statements="33" coveredstatements="33" conditionals="22" coveredconditionals="22" methods="4" coveredmethods="4"/>
        <line num="1" count="1" type="stmt"/>
        <line num="2" count="1" type="stmt"/>
        <line num="9" count="1" type="stmt"/>
        <line num="13" count="1" type="stmt"/>
        <line num="19" count="1" type="stmt"/>
        <line num="22" count="7" type="stmt"/>
        <line num="24" count="7" type="cond" truecount="3" falsecount="0"/>
        <line num="25" count="7" type="cond" truecount="2" falsecount="0"/>
        <line num="27" count="7" type="cond" truecount="3" falsecount="0"/>
        <line num="28" count="7" type="stmt"/>
        <line num="29" count="7" type="stmt"/>
        <line num="30" count="7" type="stmt"/>
        <line num="32" count="7" type="cond" truecount="2" falsecount="0"/>
        <line num="34" count="7" type="cond" truecount="2" falsecount="0"/>
        <line num="35" count="1" type="stmt"/>
        <line num="36" count="6" type="cond" truecount="2" falsecount="0"/>
        <line num="37" count="1" type="stmt"/>
        <line num="38" count="5" type="cond" truecount="2" falsecount="0"/>
        <line num="39" count="1" type="stmt"/>
        <line num="40" count="4" type="cond" truecount="2" falsecount="0"/>
        <line num="41" count="1" type="stmt"/>
        <line num="42" count="3" type="cond" truecount="2" falsecount="0"/>
        <line num="43" count="1" type="stmt"/>
        <line num="47" count="1" type="stmt"/>
        <line num="50" count="7" type="stmt"/>
        <line num="52" count="7" type="cond" truecount="2" falsecount="0"/>
        <line num="54" count="14" type="stmt"/>
        <line num="56" count="2" type="stmt"/>
        <line num="59" count="2" type="stmt"/>
        <line num="63" count="2" type="stmt"/>
        <line num="70" count="2" type="stmt"/>
        <line num="72" count="2" type="stmt"/>
        <line num="75" count="1" type="stmt"/>
      </file>
      <file name="index.ts" path="/usr/src/api/src/user/userServices/index.ts">
        <metrics statements="2" coveredstatements="2" conditionals="0" coveredconditionals="0" methods="0" coveredmethods="0"/>
        <line num="1" count="1" type="stmt"/>
        <line num="3" count="1" type="stmt"/>
      </file>
    </package>
    <package name="user.userUtils">
      <metrics statements="40" coveredstatements="40" conditionals="17" coveredconditionals="17" methods="8" coveredmethods="8"/>
      <file name="check.ts" path="/usr/src/api/src/user/userUtils/check.ts">
        <metrics statements="19" coveredstatements="19" conditionals="17" coveredconditionals="17" methods="3" coveredmethods="3"/>
        <line num="1" count="4" type="stmt"/>
        <line num="3" count="4" type="stmt"/>
        <line num="4" count="10" type="cond" truecount="3" falsecount="0"/>
        <line num="6" count="4" type="stmt"/>
        <line num="7" count="12" type="cond" truecount="4" falsecount="0"/>
        <line num="8" count="2" type="stmt"/>
        <line num="10" count="10" type="stmt"/>
        <line num="11" count="10" type="cond" truecount="2" falsecount="0"/>
        <line num="12" count="9" type="stmt"/>
        <line num="14" count="10" type="cond" truecount="2" falsecount="0"/>
        <line num="15" count="2" type="stmt"/>
        <line num="17" count="10" type="cond" truecount="2" falsecount="0"/>
        <line num="18" count="7" type="stmt"/>
        <line num="20" count="10" type="cond" truecount="2" falsecount="0"/>
        <line num="21" count="7" type="stmt"/>
        <line num="23" count="10" type="stmt"/>
        <line num="25" count="4" type="stmt"/>
        <line num="26" count="9" type="cond" truecount="2" falsecount="0"/>
        <line num="28" count="4" type="stmt"/>
      </file>
      <file name="index.ts" path="/usr/src/api/src/user/userUtils/index.ts">
        <metrics statements="4" coveredstatements="4" conditionals="0" coveredconditionals="0" methods="0" coveredmethods="0"/>
        <line num="1" count="4" type="stmt"/>
        <line num="2" count="4" type="stmt"/>
        <line num="3" count="4" type="stmt"/>
        <line num="5" count="4" type="stmt"/>
      </file>
      <file name="name.ts" path="/usr/src/api/src/user/userUtils/name.ts">
        <metrics statements="5" coveredstatements="5" conditionals="0" coveredconditionals="0" methods="2" coveredmethods="2"/>
        <line num="1" count="4" type="stmt"/>
        <line num="2" count="2" type="stmt"/>
        <line num="4" count="4" type="stmt"/>
        <line num="5" count="9" type="stmt"/>
        <line num="7" count="4" type="stmt"/>
      </file>
      <file name="password.ts" path="/usr/src/api/src/user/userUtils/password.ts">
        <metrics statements="12" coveredstatements="12" conditionals="0" coveredconditionals="0" methods="3" coveredmethods="3"/>
        <line num="1" count="4" type="stmt"/>
        <line num="2" count="4" type="stmt"/>
        <line num="3" count="4" type="stmt"/>
        <line num="4" count="8" type="stmt"/>
        <line num="7" count="4" type="stmt"/>
        <line num="8" count="5" type="stmt"/>
        <line num="9" count="5" type="stmt"/>
        <line num="10" count="5" type="stmt"/>
        <line num="12" count="4" type="stmt"/>
        <line num="17" count="2" type="stmt"/>
        <line num="18" count="2" type="stmt"/>
        <line num="21" count="4" type="stmt"/>
      </file>
    </package>
  </project>
</coverage>
