{"/usr/src/api/src/error/errorMessage.ts": {"path":"/usr/src/api/src/error/errorMessage.ts","statementMap":{"0":{"start":{"line":1,"column":13},"end":{"line":1,"column":51}},"1":{"start":{"line":2,"column":13},"end":{"line":2,"column":51}},"2":{"start":{"line":3,"column":13},"end":{"line":3,"column":49}},"3":{"start":{"line":4,"column":13},"end":{"line":4,"column":57}},"4":{"start":{"line":5,"column":13},"end":{"line":5,"column":47}},"5":{"start":{"line":6,"column":13},"end":{"line":6,"column":57}},"6":{"start":{"line":7,"column":13},"end":{"line":7,"column":59}},"7":{"start":{"line":8,"column":13},"end":{"line":8,"column":55}}},"fnMap":{},"branchMap":{},"s":{"0":3,"1":3,"2":3,"3":3,"4":3,"5":3,"6":3,"7":3},"f":{},"b":{}}
,"/usr/src/api/src/user/userDB/index.ts": {"path":"/usr/src/api/src/user/userDB/index.ts","statementMap":{"0":{"start":{"line":1,"column":0},"end":{"line":1,"column":31}},"1":{"start":{"line":2,"column":0},"end":{"line":2,"column":73}},"2":{"start":{"line":4,"column":0},"end":{"line":8,"column":2}}},"fnMap":{},"branchMap":{},"s":{"0":3,"1":3,"2":3},"f":{},"b":{}}
,"/usr/src/api/src/user/userDB/userDBInteraction.ts": {"path":"/usr/src/api/src/user/userDB/userDBInteraction.ts","statementMap":{"0":{"start":{"line":1,"column":0},"end":{"line":1,"column":43}},"1":{"start":{"line":2,"column":0},"end":{"line":2,"column":63}},"2":{"start":{"line":3,"column":0},"end":{"line":3,"column":31}},"3":{"start":{"line":5,"column":29},"end":{"line":11,"column":2}},"4":{"start":{"line":5,"column":54},"end":{"line":11,"column":2}},"5":{"start":{"line":6,"column":8},"end":{"line":6,"column":39}},"6":{"start":{"line":7,"column":15},"end":{"line":9,"column":null}},"7":{"start":{"line":7,"column":8},"end":{"line":9,"column":null}},"8":{"start":{"line":10,"column":2},"end":{"line":10,"column":14}},"9":{"start":{"line":33,"column":9},"end":{"line":33,"column":29}},"10":{"start":{"line":12,"column":21},"end":{"line":31,"column":2}},"11":{"start":{"line":17,"column":15},"end":{"line":31,"column":2}},"12":{"start":{"line":20,"column":20},"end":{"line":26,"column":null}},"13":{"start":{"line":20,"column":10},"end":{"line":26,"column":null}},"14":{"start":{"line":27,"column":4},"end":{"line":27,"column":19}},"15":{"start":{"line":29,"column":4},"end":{"line":29,"column":41}},"16":{"start":{"line":33,"column":31},"end":{"line":33,"column":43}}},"fnMap":{"0":{"name":"(anonymous_14)","decl":{"start":{"line":5,"column":29},"end":{"line":5,"column":36}},"loc":{"start":{"line":5,"column":54},"end":{"line":11,"column":2}}},"1":{"name":"(anonymous_15)","decl":{"start":{"line":5,"column":54},"end":{"line":5,"column":null}},"loc":{"start":{"line":5,"column":54},"end":{"line":11,"column":2}}},"2":{"name":"(anonymous_17)","decl":{"start":{"line":12,"column":21},"end":{"line":12,"column":null}},"loc":{"start":{"line":17,"column":15},"end":{"line":31,"column":2}}},"3":{"name":"(anonymous_18)","decl":{"start":{"line":17,"column":15},"end":{"line":17,"column":null}},"loc":{"start":{"line":17,"column":15},"end":{"line":31,"column":2}}}},"branchMap":{"0":{"loc":{"start":{"line":8,"column":6},"end":{"line":8,"column":41}},"type":"cond-expr","locations":[{"start":{"line":8,"column":6},"end":{"line":8,"column":41}},{"start":{"line":9,"column":6},"end":{"line":9,"column":40}}]}},"s":{"0":3,"1":3,"2":3,"3":3,"4":32,"5":32,"6":32,"7":32,"8":32,"9":3,"10":3,"11":11,"12":11,"13":11,"14":10,"15":1,"16":3},"f":{"0":32,"1":32,"2":11,"3":11},"b":{"0":[12,20]}}
,"/usr/src/api/src/user/userDB/userModel.ts": {"path":"/usr/src/api/src/user/userDB/userModel.ts","statementMap":{"0":{"start":{"line":1,"column":0},"end":{"line":1,"column":58}},"1":{"start":{"line":14,"column":19},"end":{"line":20,"column":2}},"2":{"start":{"line":21,"column":13},"end":{"line":21,"column":63}},"3":{"start":{"line":23,"column":0},"end":{"line":23,"column":20}}},"fnMap":{},"branchMap":{},"s":{"0":3,"1":3,"2":3,"3":3},"f":{},"b":{}}
,"/usr/src/api/src/user/userServices/createUser.ts": {"path":"/usr/src/api/src/user/userServices/createUser.ts","statementMap":{"0":{"start":{"line":1,"column":0},"end":{"line":1,"column":31}},"1":{"start":{"line":2,"column":0},"end":{"line":2,"column":null}},"2":{"start":{"line":9,"column":0},"end":{"line":9,"column":null}},"3":{"start":{"line":13,"column":0},"end":{"line":13,"column":null}},"4":{"start":{"line":19,"column":26},"end":{"line":45,"column":2}},"5":{"start":{"line":22,"column":30},"end":{"line":45,"column":2}},"6":{"start":{"line":24,"column":24},"end":{"line":24,"column":null}},"7":{"start":{"line":24,"column":8},"end":{"line":24,"column":null}},"8":{"start":{"line":25,"column":23},"end":{"line":25,"column":null}},"9":{"start":{"line":25,"column":8},"end":{"line":25,"column":null}},"10":{"start":{"line":27,"column":8},"end":{"line":27,"column":63}},"11":{"start":{"line":28,"column":8},"end":{"line":28,"column":51}},"12":{"start":{"line":29,"column":8},"end":{"line":29,"column":58}},"13":{"start":{"line":30,"column":8},"end":{"line":30,"column":60}},"14":{"start":{"line":32,"column":8},"end":{"line":32,"column":59}},"15":{"start":{"line":34,"column":2},"end":{"line":44,"column":null}},"16":{"start":{"line":35,"column":4},"end":{"line":35,"column":41}},"17":{"start":{"line":36,"column":9},"end":{"line":44,"column":null}},"18":{"start":{"line":37,"column":4},"end":{"line":37,"column":40}},"19":{"start":{"line":38,"column":9},"end":{"line":44,"column":null}},"20":{"start":{"line":39,"column":4},"end":{"line":39,"column":41}},"21":{"start":{"line":40,"column":9},"end":{"line":44,"column":null}},"22":{"start":{"line":41,"column":4},"end":{"line":41,"column":44}},"23":{"start":{"line":42,"column":9},"end":{"line":44,"column":null}},"24":{"start":{"line":43,"column":4},"end":{"line":43,"column":39}},"25":{"start":{"line":47,"column":19},"end":{"line":73,"column":2}},"26":{"start":{"line":50,"column":26},"end":{"line":73,"column":2}},"27":{"start":{"line":52,"column":8},"end":{"line":52,"column":65}},"28":{"start":{"line":54,"column":2},"end":{"line":54,"column":67}},"29":{"start":{"line":56,"column":8},"end":{"line":56,"column":33}},"30":{"start":{"line":59,"column":8},"end":{"line":62,"column":4}},"31":{"start":{"line":63,"column":18},"end":{"line":69,"column":null}},"32":{"start":{"line":63,"column":8},"end":{"line":69,"column":null}},"33":{"start":{"line":70,"column":10},"end":{"line":70,"column":30}},"34":{"start":{"line":72,"column":2},"end":{"line":72,"column":36}},"35":{"start":{"line":75,"column":0},"end":{"line":75,"column":26}}},"fnMap":{"0":{"name":"(anonymous_14)","decl":{"start":{"line":19,"column":26},"end":{"line":19,"column":null}},"loc":{"start":{"line":22,"column":30},"end":{"line":45,"column":2}}},"1":{"name":"(anonymous_15)","decl":{"start":{"line":22,"column":30},"end":{"line":22,"column":null}},"loc":{"start":{"line":22,"column":30},"end":{"line":45,"column":2}}},"2":{"name":"(anonymous_17)","decl":{"start":{"line":47,"column":19},"end":{"line":47,"column":null}},"loc":{"start":{"line":50,"column":26},"end":{"line":73,"column":2}}},"3":{"name":"(anonymous_18)","decl":{"start":{"line":50,"column":26},"end":{"line":50,"column":null}},"loc":{"start":{"line":50,"column":26},"end":{"line":73,"column":2}}}},"branchMap":{"0":{"loc":{"start":{"line":24,"column":24},"end":{"line":24,"column":null}},"type":"switch","locations":[{"start":{"line":24,"column":24},"end":{"line":24,"column":null}}]},"1":{"loc":{"start":{"line":24,"column":51},"end":{"line":24,"column":56}},"type":"binary-expr","locations":[{"start":{"line":24,"column":51},"end":{"line":24,"column":56}},{"start":{"line":24,"column":60},"end":{"line":24,"column":62}}]},"2":{"loc":{"start":{"line":25,"column":50},"end":{"line":25,"column":58}},"type":"binary-expr","locations":[{"start":{"line":25,"column":50},"end":{"line":25,"column":58}},{"start":{"line":25,"column":62},"end":{"line":25,"column":64}}]},"3":{"loc":{"start":{"line":27,"column":29},"end":{"line":27,"column":35}},"type":"binary-expr","locations":[{"start":{"line":27,"column":29},"end":{"line":27,"column":35}},{"start":{"line":27,"column":39},"end":{"line":27,"column":48}},{"start":{"line":27,"column":52},"end":{"line":27,"column":61}}]},"4":{"loc":{"start":{"line":32,"column":28},"end":{"line":32,"column":40}},"type":"binary-expr","locations":[{"start":{"line":32,"column":28},"end":{"line":32,"column":40}},{"start":{"line":32,"column":44},"end":{"line":32,"column":57}}]},"5":{"loc":{"start":{"line":34,"column":2},"end":{"line":44,"column":null}},"type":"if","locations":[{"start":{"line":34,"column":2},"end":{"line":44,"column":null}},{"start":{"line":34,"column":2},"end":{"line":44,"column":null}}]},"6":{"loc":{"start":{"line":36,"column":9},"end":{"line":44,"column":null}},"type":"if","locations":[{"start":{"line":36,"column":9},"end":{"line":44,"column":null}},{"start":{"line":36,"column":9},"end":{"line":44,"column":null}}]},"7":{"loc":{"start":{"line":38,"column":9},"end":{"line":44,"column":null}},"type":"if","locations":[{"start":{"line":38,"column":9},"end":{"line":44,"column":null}},{"start":{"line":38,"column":9},"end":{"line":44,"column":null}}]},"8":{"loc":{"start":{"line":40,"column":9},"end":{"line":44,"column":null}},"type":"if","locations":[{"start":{"line":40,"column":9},"end":{"line":44,"column":null}},{"start":{"line":40,"column":9},"end":{"line":44,"column":null}}]},"9":{"loc":{"start":{"line":42,"column":9},"end":{"line":44,"column":null}},"type":"if","locations":[{"start":{"line":42,"column":9},"end":{"line":44,"column":null}},{"start":{"line":42,"column":9},"end":{"line":44,"column":null}}]},"10":{"loc":{"start":{"line":52,"column":46},"end":{"line":52,"column":57}},"type":"binary-expr","locations":[{"start":{"line":52,"column":46},"end":{"line":52,"column":57}},{"start":{"line":52,"column":61},"end":{"line":52,"column":63}}]}},"s":{"0":2,"1":2,"2":2,"3":2,"4":2,"5":13,"6":13,"7":13,"8":13,"9":13,"10":13,"11":13,"12":13,"13":13,"14":13,"15":13,"16":2,"17":11,"18":1,"19":10,"20":1,"21":9,"22":1,"23":8,"24":2,"25":2,"26":13,"27":13,"28":26,"29":6,"30":6,"31":6,"32":6,"33":6,"34":6,"35":2},"f":{"0":13,"1":13,"2":13,"3":13},"b":{"0":[13],"1":[13,1],"2":[13,1],"3":[13,12,11],"4":[13,12],"5":[2,11],"6":[1,10],"7":[1,9],"8":[1,8],"9":[2,6],"10":[13,1]}}
,"/usr/src/api/src/user/userServices/identifyUser.ts": {"path":"/usr/src/api/src/user/userServices/identifyUser.ts","statementMap":{"0":{"start":{"line":1,"column":0},"end":{"line":1,"column":null}},"1":{"start":{"line":5,"column":0},"end":{"line":5,"column":67}},"2":{"start":{"line":6,"column":0},"end":{"line":6,"column":76}},"3":{"start":{"line":8,"column":21},"end":{"line":24,"column":2}},"4":{"start":{"line":8,"column":64},"end":{"line":24,"column":2}},"5":{"start":{"line":9,"column":15},"end":{"line":11,"column":null}},"6":{"start":{"line":9,"column":8},"end":{"line":11,"column":null}},"7":{"start":{"line":12,"column":2},"end":{"line":14,"column":null}},"8":{"start":{"line":13,"column":4},"end":{"line":13,"column":42}},"9":{"start":{"line":15,"column":8},"end":{"line":19,"column":4}},"10":{"start":{"line":20,"column":2},"end":{"line":22,"column":null}},"11":{"start":{"line":21,"column":4},"end":{"line":21,"column":40}},"12":{"start":{"line":23,"column":2},"end":{"line":23,"column":20}},"13":{"start":{"line":26,"column":0},"end":{"line":26,"column":28}}},"fnMap":{"0":{"name":"(anonymous_13)","decl":{"start":{"line":8,"column":21},"end":{"line":8,"column":28}},"loc":{"start":{"line":8,"column":64},"end":{"line":24,"column":2}}},"1":{"name":"(anonymous_14)","decl":{"start":{"line":8,"column":64},"end":{"line":8,"column":null}},"loc":{"start":{"line":8,"column":64},"end":{"line":24,"column":2}}}},"branchMap":{"0":{"loc":{"start":{"line":9,"column":15},"end":{"line":11,"column":null}},"type":"switch","locations":[{"start":{"line":9,"column":15},"end":{"line":11,"column":null}}]},"1":{"loc":{"start":{"line":12,"column":2},"end":{"line":14,"column":null}},"type":"if","locations":[{"start":{"line":12,"column":2},"end":{"line":14,"column":null}},{"start":{"line":12,"column":2},"end":{"line":14,"column":null}}]},"2":{"loc":{"start":{"line":20,"column":2},"end":{"line":22,"column":null}},"type":"if","locations":[{"start":{"line":20,"column":2},"end":{"line":22,"column":null}},{"start":{"line":20,"column":2},"end":{"line":22,"column":null}}]}},"s":{"0":2,"1":2,"2":2,"3":2,"4":3,"5":3,"6":3,"7":3,"8":1,"9":2,"10":2,"11":1,"12":1,"13":2},"f":{"0":3,"1":3},"b":{"0":[3],"1":[1,2],"2":[1,1]}}
,"/usr/src/api/src/user/userServices/index.ts": {"path":"/usr/src/api/src/user/userServices/index.ts","statementMap":{"0":{"start":{"line":1,"column":0},"end":{"line":1,"column":7}},"1":{"start":{"line":3,"column":9},"end":{"line":1,"column":38}},"2":{"start":{"line":2,"column":0},"end":{"line":2,"column":7}},"3":{"start":{"line":3,"column":21},"end":{"line":2,"column":42}}},"fnMap":{},"branchMap":{},"s":{"0":2,"1":2,"2":2,"3":2},"f":{},"b":{}}
,"/usr/src/api/src/user/userTests/userTestSetUp.ts": {"path":"/usr/src/api/src/user/userTests/userTestSetUp.ts","statementMap":{"0":{"start":{"line":1,"column":0},"end":{"line":1,"column":32}},"1":{"start":{"line":2,"column":0},"end":{"line":2,"column":31}},"2":{"start":{"line":4,"column":22},"end":{"line":20,"column":1}},"3":{"start":{"line":5,"column":2},"end":{"line":11,"column":5}},"4":{"start":{"line":5,"column":12},"end":{"line":11,"column":4}},"5":{"start":{"line":6,"column":4},"end":{"line":10,"column":7}},"6":{"start":{"line":12,"column":2},"end":{"line":14,"column":5}},"7":{"start":{"line":12,"column":12},"end":{"line":14,"column":4}},"8":{"start":{"line":13,"column":4},"end":{"line":13,"column":35}},"9":{"start":{"line":16,"column":2},"end":{"line":19,"column":5}},"10":{"start":{"line":16,"column":11},"end":{"line":19,"column":4}},"11":{"start":{"line":17,"column":4},"end":{"line":17,"column":48}},"12":{"start":{"line":18,"column":4},"end":{"line":18,"column":38}},"13":{"start":{"line":22,"column":0},"end":{"line":22,"column":29}}},"fnMap":{"0":{"name":"(anonymous_14)","decl":{"start":{"line":4,"column":22},"end":{"line":4,"column":null}},"loc":{"start":{"line":4,"column":22},"end":{"line":20,"column":1}}},"1":{"name":"(anonymous_15)","decl":{"start":{"line":5,"column":12},"end":{"line":5,"column":null}},"loc":{"start":{"line":5,"column":12},"end":{"line":11,"column":4}}},"2":{"name":"(anonymous_18)","decl":{"start":{"line":12,"column":12},"end":{"line":12,"column":null}},"loc":{"start":{"line":12,"column":12},"end":{"line":14,"column":4}}},"3":{"name":"(anonymous_21)","decl":{"start":{"line":16,"column":11},"end":{"line":16,"column":null}},"loc":{"start":{"line":16,"column":11},"end":{"line":19,"column":4}}}},"branchMap":{"0":{"loc":{"start":{"line":6,"column":4},"end":{"line":10,"column":7}},"type":"switch","locations":[{"start":{"line":6,"column":4},"end":{"line":10,"column":7}}]},"1":{"loc":{"start":{"line":13,"column":4},"end":{"line":13,"column":35}},"type":"switch","locations":[{"start":{"line":13,"column":4},"end":{"line":13,"column":35}}]},"2":{"loc":{"start":{"line":17,"column":4},"end":{"line":17,"column":48}},"type":"switch","locations":[{"start":{"line":17,"column":4},"end":{"line":17,"column":48}}]}},"s":{"0":3,"1":3,"2":3,"3":3,"4":3,"5":6,"6":3,"7":16,"8":32,"9":3,"10":3,"11":6,"12":6,"13":3},"f":{"0":3,"1":6,"2":32,"3":6},"b":{"0":[3],"1":[16],"2":[3]}}
,"/usr/src/api/src/user/userUtils/check.ts": {"path":"/usr/src/api/src/user/userUtils/check.ts","statementMap":{"0":{"start":{"line":1,"column":0},"end":{"line":1,"column":43}},"1":{"start":{"line":3,"column":28},"end":{"line":5,"column":1}},"2":{"start":{"line":4,"column":2},"end":{"line":4,"column":74}},"3":{"start":{"line":6,"column":26},"end":{"line":24,"column":1}},"4":{"start":{"line":7,"column":2},"end":{"line":9,"column":null}},"5":{"start":{"line":8,"column":4},"end":{"line":8,"column":17}},"6":{"start":{"line":10,"column":17},"end":{"line":10,"column":18}},"7":{"start":{"line":11,"column":2},"end":{"line":13,"column":null}},"8":{"start":{"line":12,"column":4},"end":{"line":12,"column":28}},"9":{"start":{"line":14,"column":2},"end":{"line":16,"column":null}},"10":{"start":{"line":15,"column":4},"end":{"line":15,"column":28}},"11":{"start":{"line":17,"column":2},"end":{"line":19,"column":null}},"12":{"start":{"line":18,"column":4},"end":{"line":18,"column":28}},"13":{"start":{"line":20,"column":2},"end":{"line":22,"column":null}},"14":{"start":{"line":21,"column":4},"end":{"line":21,"column":28}},"15":{"start":{"line":23,"column":2},"end":{"line":23,"column":22}},"16":{"start":{"line":25,"column":23},"end":{"line":27,"column":1}},"17":{"start":{"line":26,"column":2},"end":{"line":26,"column":34}},"18":{"start":{"line":28,"column":0},"end":{"line":28,"column":74}}},"fnMap":{"0":{"name":"(anonymous_0)","decl":{"start":{"line":3,"column":28},"end":{"line":3,"column":29}},"loc":{"start":{"line":3,"column":57},"end":{"line":5,"column":1}}},"1":{"name":"(anonymous_1)","decl":{"start":{"line":6,"column":26},"end":{"line":6,"column":27}},"loc":{"start":{"line":6,"column":55},"end":{"line":24,"column":1}}},"2":{"name":"(anonymous_2)","decl":{"start":{"line":25,"column":23},"end":{"line":25,"column":24}},"loc":{"start":{"line":25,"column":49},"end":{"line":27,"column":1}}}},"branchMap":{"0":{"loc":{"start":{"line":4,"column":17},"end":{"line":4,"column":25}},"type":"binary-expr","locations":[{"start":{"line":4,"column":17},"end":{"line":4,"column":25}},{"start":{"line":4,"column":29},"end":{"line":4,"column":48}},{"start":{"line":4,"column":52},"end":{"line":4,"column":72}}]},"1":{"loc":{"start":{"line":7,"column":2},"end":{"line":9,"column":null}},"type":"if","locations":[{"start":{"line":7,"column":2},"end":{"line":9,"column":null}},{"start":{"line":7,"column":2},"end":{"line":9,"column":null}}]},"2":{"loc":{"start":{"line":7,"column":6},"end":{"line":7,"column":15}},"type":"binary-expr","locations":[{"start":{"line":7,"column":6},"end":{"line":7,"column":15}},{"start":{"line":7,"column":19},"end":{"line":7,"column":38}}]},"3":{"loc":{"start":{"line":11,"column":2},"end":{"line":13,"column":null}},"type":"if","locations":[{"start":{"line":11,"column":2},"end":{"line":13,"column":null}},{"start":{"line":11,"column":2},"end":{"line":13,"column":null}}]},"4":{"loc":{"start":{"line":14,"column":2},"end":{"line":16,"column":null}},"type":"if","locations":[{"start":{"line":14,"column":2},"end":{"line":16,"column":null}},{"start":{"line":14,"column":2},"end":{"line":16,"column":null}}]},"5":{"loc":{"start":{"line":17,"column":2},"end":{"line":19,"column":null}},"type":"if","locations":[{"start":{"line":17,"column":2},"end":{"line":19,"column":null}},{"start":{"line":17,"column":2},"end":{"line":19,"column":null}}]},"6":{"loc":{"start":{"line":20,"column":2},"end":{"line":22,"column":null}},"type":"if","locations":[{"start":{"line":20,"column":2},"end":{"line":22,"column":null}},{"start":{"line":20,"column":2},"end":{"line":22,"column":null}}]},"7":{"loc":{"start":{"line":26,"column":9},"end":{"line":26,"column":14}},"type":"binary-expr","locations":[{"start":{"line":26,"column":9},"end":{"line":26,"column":14}},{"start":{"line":26,"column":18},"end":{"line":26,"column":33}}]}},"s":{"0":5,"1":5,"2":16,"3":5,"4":18,"5":1,"6":17,"7":17,"8":16,"9":17,"10":4,"11":17,"12":14,"13":17,"14":14,"15":17,"16":5,"17":15,"18":5},"f":{"0":16,"1":18,"2":15},"b":{"0":[16,15,13],"1":[1,17],"2":[18,18],"3":[16,1],"4":[4,13],"5":[14,3],"6":[14,3],"7":[15,14]}}
,"/usr/src/api/src/user/userUtils/index.ts": {"path":"/usr/src/api/src/user/userUtils/index.ts","statementMap":{"0":{"start":{"line":1,"column":0},"end":{"line":1,"column":7}},"1":{"start":{"line":5,"column":15},"end":{"line":1,"column":28}},"2":{"start":{"line":2,"column":0},"end":{"line":2,"column":7}},"3":{"start":{"line":5,"column":9},"end":{"line":2,"column":26}},"4":{"start":{"line":3,"column":0},"end":{"line":3,"column":7}},"5":{"start":{"line":5,"column":22},"end":{"line":3,"column":34}}},"fnMap":{},"branchMap":{},"s":{"0":5,"1":5,"2":5,"3":5,"4":5,"5":5},"f":{},"b":{}}
,"/usr/src/api/src/user/userUtils/name.ts": {"path":"/usr/src/api/src/user/userUtils/name.ts","statementMap":{"0":{"start":{"line":1,"column":29},"end":{"line":3,"column":1}},"1":{"start":{"line":2,"column":2},"end":{"line":2,"column":60}},"2":{"start":{"line":4,"column":25},"end":{"line":6,"column":1}},"3":{"start":{"line":5,"column":2},"end":{"line":5,"column":25}},"4":{"start":{"line":7,"column":0},"end":{"line":7,"column":58}}},"fnMap":{"0":{"name":"(anonymous_0)","decl":{"start":{"line":1,"column":29},"end":{"line":1,"column":null}},"loc":{"start":{"line":1,"column":29},"end":{"line":3,"column":1}}},"1":{"name":"(anonymous_1)","decl":{"start":{"line":4,"column":25},"end":{"line":4,"column":26}},"loc":{"start":{"line":4,"column":42},"end":{"line":6,"column":1}}}},"branchMap":{},"s":{"0":5,"1":2,"2":5,"3":18,"4":5},"f":{"0":2,"1":18},"b":{}}
,"/usr/src/api/src/user/userUtils/password.ts": {"path":"/usr/src/api/src/user/userUtils/password.ts","statementMap":{"0":{"start":{"line":1,"column":0},"end":{"line":1,"column":28}},"1":{"start":{"line":2,"column":0},"end":{"line":2,"column":28}},"2":{"start":{"line":3,"column":13},"end":{"line":5,"column":1}},"3":{"start":{"line":4,"column":2},"end":{"line":4,"column":66}},"4":{"start":{"line":7,"column":25},"end":{"line":11,"column":1}},"5":{"start":{"line":8,"column":15},"end":{"line":8,"column":30}},"6":{"start":{"line":9,"column":23},"end":{"line":9,"column":49}},"7":{"start":{"line":10,"column":2},"end":{"line":10,"column":32}},"8":{"start":{"line":12,"column":24},"end":{"line":19,"column":1}},"9":{"start":{"line":17,"column":28},"end":{"line":17,"column":59}},"10":{"start":{"line":18,"column":2},"end":{"line":18,"column":44}},"11":{"start":{"line":21,"column":0},"end":{"line":25,"column":2}}},"fnMap":{"0":{"name":"(anonymous_1)","decl":{"start":{"line":3,"column":13},"end":{"line":3,"column":14}},"loc":{"start":{"line":3,"column":25},"end":{"line":5,"column":1}}},"1":{"name":"(anonymous_2)","decl":{"start":{"line":7,"column":25},"end":{"line":7,"column":26}},"loc":{"start":{"line":7,"column":42},"end":{"line":11,"column":1}}},"2":{"name":"(anonymous_3)","decl":{"start":{"line":12,"column":24},"end":{"line":12,"column":null}},"loc":{"start":{"line":15,"column":22},"end":{"line":19,"column":1}}}},"branchMap":{},"s":{"0":5,"1":5,"2":5,"3":14,"4":5,"5":9,"6":9,"7":9,"8":5,"9":4,"10":4,"11":5},"f":{"0":14,"1":9,"2":4},"b":{}}
}
