TN:
SF:src/error/errorMessage.ts
FNF:0
FNH:0
DA:1,3
DA:2,3
DA:3,3
DA:4,3
DA:5,3
DA:6,3
DA:7,3
DA:8,3
LF:8
LH:8
BRF:0
BRH:0
end_of_record
TN:
SF:src/user/userDB/index.ts
FNF:0
FNH:0
DA:1,3
DA:2,3
DA:4,3
LF:3
LH:3
BRF:0
BRH:0
end_of_record
TN:
SF:src/user/userDB/userDBInteraction.ts
FN:5,(anonymous_14)
FN:5,(anonymous_15)
FN:12,(anonymous_17)
FN:17,(anonymous_18)
FNF:4
FNH:4
FNDA:32,(anonymous_14)
FNDA:32,(anonymous_15)
FNDA:11,(anonymous_17)
FNDA:11,(anonymous_18)
DA:1,3
DA:2,3
DA:3,3
DA:5,32
DA:6,32
DA:7,32
DA:10,32
DA:12,3
DA:17,11
DA:20,11
DA:27,10
DA:29,1
DA:33,3
LF:13
LH:13
BRDA:8,0,0,12
BRDA:8,0,1,20
BRF:2
BRH:2
end_of_record
TN:
SF:src/user/userDB/userModel.ts
FNF:0
FNH:0
DA:1,3
DA:14,3
DA:21,3
DA:23,3
LF:4
LH:4
BRF:0
BRH:0
end_of_record
TN:
SF:src/user/userServices/createUser.ts
FN:19,(anonymous_14)
FN:22,(anonymous_15)
FN:47,(anonymous_17)
FN:50,(anonymous_18)
FNF:4
FNH:4
FNDA:13,(anonymous_14)
FNDA:13,(anonymous_15)
FNDA:13,(anonymous_17)
FNDA:13,(anonymous_18)
DA:1,2
DA:2,2
DA:9,2
DA:13,2
DA:19,2
DA:22,13
DA:24,13
DA:25,13
DA:27,13
DA:28,13
DA:29,13
DA:30,13
DA:32,13
DA:34,13
DA:35,2
DA:36,11
DA:37,1
DA:38,10
DA:39,1
DA:40,9
DA:41,1
DA:42,8
DA:43,2
DA:47,2
DA:50,13
DA:52,13
DA:54,26
DA:56,6
DA:59,6
DA:63,6
DA:70,6
DA:72,6
DA:75,2
LF:33
LH:33
BRDA:24,0,0,13
BRDA:24,1,0,13
BRDA:24,1,1,1
BRDA:25,2,0,13
BRDA:25,2,1,1
BRDA:27,3,0,13
BRDA:27,3,1,12
BRDA:27,3,2,11
BRDA:32,4,0,13
BRDA:32,4,1,12
BRDA:34,5,0,2
BRDA:34,5,1,11
BRDA:36,6,0,1
BRDA:36,6,1,10
BRDA:38,7,0,1
BRDA:38,7,1,9
BRDA:40,8,0,1
BRDA:40,8,1,8
BRDA:42,9,0,2
BRDA:42,9,1,6
BRDA:52,10,0,13
BRDA:52,10,1,1
BRF:22
BRH:22
end_of_record
TN:
SF:src/user/userServices/identifyUser.ts
FN:8,(anonymous_13)
FN:8,(anonymous_14)
FNF:2
FNH:2
FNDA:3,(anonymous_13)
FNDA:3,(anonymous_14)
DA:1,2
DA:5,2
DA:6,2
DA:8,3
DA:9,3
DA:12,3
DA:13,1
DA:15,2
DA:20,2
DA:21,1
DA:23,1
DA:26,2
LF:12
LH:12
BRDA:9,0,0,3
BRDA:12,1,0,1
BRDA:12,1,1,2
BRDA:20,2,0,1
BRDA:20,2,1,1
BRF:5
BRH:5
end_of_record
TN:
SF:src/user/userServices/index.ts
FNF:0
FNH:0
DA:1,2
DA:2,2
DA:3,2
LF:3
LH:3
BRF:0
BRH:0
end_of_record
TN:
SF:src/user/userTests/userTestSetUp.ts
FN:4,(anonymous_14)
FN:5,(anonymous_15)
FN:12,(anonymous_18)
FN:16,(anonymous_21)
FNF:4
FNH:4
FNDA:3,(anonymous_14)
FNDA:6,(anonymous_15)
FNDA:32,(anonymous_18)
FNDA:6,(anonymous_21)
DA:1,3
DA:2,3
DA:4,3
DA:5,3
DA:6,6
DA:12,16
DA:13,32
DA:16,3
DA:17,6
DA:18,6
DA:22,3
LF:11
LH:11
BRDA:6,0,0,3
BRDA:13,1,0,16
BRDA:17,2,0,3
BRF:3
BRH:3
end_of_record
TN:
SF:src/user/userUtils/check.ts
FN:3,(anonymous_0)
FN:6,(anonymous_1)
FN:25,(anonymous_2)
FNF:3
FNH:3
FNDA:16,(anonymous_0)
FNDA:18,(anonymous_1)
FNDA:15,(anonymous_2)
DA:1,5
DA:3,5
DA:4,16
DA:6,5
DA:7,18
DA:8,1
DA:10,17
DA:11,17
DA:12,16
DA:14,17
DA:15,4
DA:17,17
DA:18,14
DA:20,17
DA:21,14
DA:23,17
DA:25,5
DA:26,15
DA:28,5
LF:19
LH:19
BRDA:4,0,0,16
BRDA:4,0,1,15
BRDA:4,0,2,13
BRDA:7,1,0,1
BRDA:7,1,1,17
BRDA:7,2,0,18
BRDA:7,2,1,18
BRDA:11,3,0,16
BRDA:11,3,1,1
BRDA:14,4,0,4
BRDA:14,4,1,13
BRDA:17,5,0,14
BRDA:17,5,1,3
BRDA:20,6,0,14
BRDA:20,6,1,3
BRDA:26,7,0,15
BRDA:26,7,1,14
BRF:17
BRH:17
end_of_record
TN:
SF:src/user/userUtils/index.ts
FNF:0
FNH:0
DA:1,5
DA:2,5
DA:3,5
DA:5,5
LF:4
LH:4
BRF:0
BRH:0
end_of_record
TN:
SF:src/user/userUtils/name.ts
FN:1,(anonymous_0)
FN:4,(anonymous_1)
FNF:2
FNH:2
FNDA:2,(anonymous_0)
FNDA:18,(anonymous_1)
DA:1,5
DA:2,2
DA:4,5
DA:5,18
DA:7,5
LF:5
LH:5
BRF:0
BRH:0
end_of_record
TN:
SF:src/user/userUtils/password.ts
FN:3,(anonymous_1)
FN:7,(anonymous_2)
FN:12,(anonymous_3)
FNF:3
FNH:3
FNDA:14,(anonymous_1)
FNDA:9,(anonymous_2)
FNDA:4,(anonymous_3)
DA:1,5
DA:2,5
DA:3,5
DA:4,14
DA:7,5
DA:8,9
DA:9,9
DA:10,9
DA:12,5
DA:17,4
DA:18,4
DA:21,5
LF:12
LH:12
BRF:0
BRH:0
end_of_record
