TN:
SF:src/error/errorMessage.ts
FNF:0
FNH:0
DA:1,1
DA:2,1
DA:3,1
DA:4,1
DA:5,1
DA:6,1
DA:7,1
DA:8,1
LF:8
LH:8
BRF:0
BRH:0
end_of_record
TN:
SF:src/user/userDB/userDBInteraction.ts
FN:5,(anonymous_14)
FN:5,(anonymous_15)
FN:12,(anonymous_17)
FN:17,(anonymous_18)
FNF:4
FNH:4
FNDA:3,(anonymous_14)
FNDA:3,(anonymous_15)
FNDA:11,(anonymous_17)
FNDA:11,(anonymous_18)
DA:1,1
DA:2,1
DA:3,1
DA:5,3
DA:6,3
DA:7,3
DA:10,3
DA:12,1
DA:17,11
DA:20,11
DA:27,10
DA:29,1
DA:33,1
LF:13
LH:13
BRDA:8,0,0,1
BRDA:8,0,1,2
BRF:2
BRH:2
end_of_record
TN:
SF:src/user/userDB/userModel.ts
FNF:0
FNH:0
DA:1,1
DA:14,1
DA:21,1
DA:23,1
LF:4
LH:4
BRF:0
BRH:0
end_of_record
TN:
SF:src/user/userUtils/check.ts
FN:3,(anonymous_0)
FN:6,(anonymous_1)
FN:25,(anonymous_2)
FNF:3
FNH:3
FNDA:3,(anonymous_0)
FNDA:5,(anonymous_1)
FNDA:2,(anonymous_2)
DA:1,3
DA:3,3
DA:4,3
DA:6,3
DA:7,5
DA:8,1
DA:10,4
DA:11,4
DA:12,3
DA:14,4
DA:15,2
DA:17,4
DA:18,2
DA:20,4
DA:21,2
DA:23,4
DA:25,3
DA:26,2
DA:28,3
LF:19
LH:19
BRDA:4,0,0,3
BRDA:4,0,1,3
BRDA:4,0,2,2
BRDA:7,1,0,1
BRDA:7,1,1,4
BRDA:7,2,0,5
BRDA:7,2,1,5
BRDA:11,3,0,3
BRDA:11,3,1,1
BRDA:14,4,0,2
BRDA:14,4,1,2
BRDA:17,5,0,2
BRDA:17,5,1,2
BRDA:20,6,0,2
BRDA:20,6,1,2
BRDA:26,7,0,2
BRDA:26,7,1,2
BRF:17
BRH:17
end_of_record
TN:
SF:src/user/userUtils/index.ts
FNF:0
FNH:0
DA:1,3
DA:2,3
DA:3,3
DA:5,3
LF:4
LH:4
BRF:0
BRH:0
end_of_record
TN:
SF:src/user/userUtils/name.ts
FN:1,(anonymous_0)
FN:4,(anonymous_1)
FNF:2
FNH:2
FNDA:2,(anonymous_0)
FNDA:2,(anonymous_1)
DA:1,3
DA:2,2
DA:4,3
DA:5,2
DA:7,3
LF:5
LH:5
BRF:0
BRH:0
end_of_record
TN:
SF:src/user/userUtils/password.ts
FN:3,(anonymous_1)
FN:7,(anonymous_2)
FN:12,(anonymous_3)
FNF:3
FNH:3
FNDA:6,(anonymous_1)
FNDA:3,(anonymous_2)
FNDA:2,(anonymous_3)
DA:1,3
DA:2,3
DA:3,3
DA:4,6
DA:7,3
DA:8,3
DA:9,3
DA:10,3
DA:12,3
DA:17,2
DA:18,2
DA:21,3
LF:12
LH:12
BRF:0
BRH:0
end_of_record
